#
# There is insufficient memory for the Java Runtime Environment to continue.
# Native memory allocation (malloc) failed to allocate 1060176 bytes for Chunk::new
# Possible reasons:
#   The system is out of physical RAM or swap space
#   The process is running with CompressedOops enabled, and the Java Heap may be blocking the growth of the native heap
# Possible solutions:
#   Reduce memory load on the system
#   Increase physical memory or swap space
#   Check if swap backing store is full
#   Decrease Java heap size (-Xmx/-Xms)
#   Decrease number of Java threads
#   Decrease Java thread stack sizes (-Xss)
#   Set larger code cache with -XX:ReservedCodeCacheSize=
#   JVM is running with Unscaled Compressed Oops mode in which the Java heap is
#     placed in the first 4GB address space. The Java Heap base address is the
#     maximum limit for the native heap growth. Please use -XX:HeapBaseMinAddress
#     to set the Java Heap base and to place the Java Heap above 4GB virtual address.
# This output file may be truncated or incomplete.
#
#  Out of Memory Error (allocation.cpp:389), pid=3028, tid=0x0000000000000f14
#
# JRE version: OpenJDK Runtime Environment (8.0_202-b03) (build 1.8.0_202-release-1483-b03)
# Java VM: OpenJDK 64-Bit Server VM (25.202-b03 mixed mode windows-amd64 compressed oops)
# Failed to write core dump. Minidumps are not enabled by default on client versions of Windows
#

---------------  T H R E A D  ---------------

Current thread (0x0000000016ca8000):  JavaThread "C2 CompilerThread0" daemon [_thread_in_native, id=3860, stack(0x00000000182f0000,0x00000000183f0000)]

Stack: [0x00000000182f0000,0x00000000183f0000]
[error occurred during error reporting (printing stack bounds), id 0xc0000005]

Native frames: (J=compiled Java code, j=interpreted, Vv=VM code, C=native code)


Current CompileTask:
C2:9165281 27846   !   4       com.sun.tools.javac.file.JavacFileManager::listContainer (94 bytes)


---------------  P R O C E S S  ---------------

Java Threads: ( => current thread )
  0x000000001bc58000 JavaThread "Cache worker for Java compile cache (D:\arun\wsm\.gradle\5.4.1\javaCompile)" [_thread_blocked, id=2888, stack(0x000000001b540000,0x000000001b640000)]
  0x000000001bc50800 JavaThread "WorkerExecutor Queue Thread 2" [_thread_blocked, id=3696, stack(0x0000000027480000,0x0000000027580000)]
  0x000000001bc57000 JavaThread "stdout" [_thread_in_native, id=3476, stack(0x0000000027380000,0x0000000027480000)]
  0x000000001bc4f800 JavaThread "stderr" [_thread_in_native, id=9176, stack(0x0000000027110000,0x0000000027210000)]
  0x000000001bc53800 JavaThread "pool-21-thread-1" [_thread_blocked, id=13228, stack(0x0000000027010000,0x0000000027110000)]
  0x000000001bc52800 JavaThread "WorkerExecutor Queue" [_thread_blocked, id=8340, stack(0x0000000026f10000,0x0000000027010000)]
  0x000000001bc54000 JavaThread "Cache worker for execution history cache (D:\arun\wsm\.gradle\5.4.1\executionHistory)" [_thread_blocked, id=11556, stack(0x0000000025dd0000,0x0000000025ed0000)]
  0x000000001f307800 JavaThread "Execution worker for ':' Thread 3" [_thread_blocked, id=11276, stack(0x0000000025ad0000,0x0000000025bd0000)]
  0x000000001f307000 JavaThread "Execution worker for ':' Thread 2" [_thread_blocked, id=12120, stack(0x0000000025890000,0x0000000025990000)]
  0x000000001f309000 JavaThread "Execution worker for ':'" [_thread_in_native, id=9200, stack(0x0000000025790000,0x0000000025890000)]
  0x000000001f306000 JavaThread "Cache worker for file content cache (D:\arun\wsm\.gradle\5.4.1\fileContent)" [_thread_blocked, id=7456, stack(0x0000000025690000,0x0000000025790000)]
  0x000000001f308800 JavaThread "Cache worker for Build Output Cleanup Cache (D:\arun\wsm\.gradle\buildOutputCleanup)" [_thread_blocked, id=10904, stack(0x0000000025590000,0x0000000025690000)]
  0x000000001f305800 JavaThread "Build operations Thread 4" [_thread_blocked, id=1452, stack(0x0000000024f90000,0x0000000025090000)]
  0x000000001f2fe000 JavaThread "Build operations Thread 3" [_thread_blocked, id=13100, stack(0x0000000024890000,0x0000000024990000)]
  0x000000001f304800 JavaThread "Build operations Thread 2" [_thread_blocked, id=13136, stack(0x0000000024790000,0x0000000024890000)]
  0x000000001f303000 JavaThread "Build operations" [_thread_blocked, id=13152, stack(0x0000000023f60000,0x0000000024060000)]
  0x000000001f304000 JavaThread "Cache worker for cache directory md-rule (C:\Users\User\.gradle\caches\5.4.1\md-rule)" [_thread_blocked, id=12520, stack(0x0000000022350000,0x0000000022450000)]
  0x000000001f302800 JavaThread "Cache worker for cache directory md-supplier (C:\Users\User\.gradle\caches\5.4.1\md-supplier)" [_thread_blocked, id=13096, stack(0x0000000020980000,0x0000000020a80000)]
  0x000000001f301800 JavaThread "Cache worker for file hash cache (D:\arun\wsm\.gradle\5.4.1\fileHashes)" [_thread_blocked, id=6780, stack(0x0000000020660000,0x0000000020760000)]
  0x000000001f2fa000 JavaThread "Thread-147" [_thread_blocked, id=12856, stack(0x000000001dce0000,0x000000001dde0000)]
  0x000000001f2fd000 JavaThread "Asynchronous log dispatcher for DefaultDaemonConnection: socket connection from /127.0.0.1:61375 to /127.0.0.1:60356" [_thread_blocked, id=3548, stack(0x000000001b440000,0x000000001b540000)]
  0x000000001f301000 JavaThread "Daemon worker Thread 5" [_thread_blocked, id=1716, stack(0x000000001b340000,0x000000001b440000)]
  0x000000001f2fe800 JavaThread "Cancel handler" [_thread_blocked, id=12368, stack(0x000000001b240000,0x000000001b340000)]
  0x000000001f300000 JavaThread "Handler for socket connection from /127.0.0.1:61375 to /127.0.0.1:60356" [_thread_in_native, id=3264, stack(0x000000001b140000,0x000000001b240000)]
  0x000000001f2fb800 JavaThread "Daemon Thread 5" [_thread_blocked, id=4928, stack(0x000000001ae40000,0x000000001af40000)]
  0x0000000021386800 JavaThread "Cache worker for Java compile cache (C:\Users\User\.gradle\caches\5.4.1\javaCompile)" [_thread_blocked, id=12484, stack(0x0000000027280000,0x0000000027380000)]
  0x000000001bc5d000 JavaThread "Cache worker for file content cache (C:\Users\User\.gradle\caches\5.4.1\fileContent)" [_thread_blocked, id=8352, stack(0x00000000259d0000,0x0000000025ad0000)]
  0x000000001fe17800 JavaThread "Memory manager" [_thread_blocked, id=5432, stack(0x0000000024290000,0x0000000024390000)]
  0x0000000019674800 JavaThread "Cache worker for execution history cache (C:\Users\User\.gradle\caches\5.4.1\executionHistory)" [_thread_blocked, id=6660, stack(0x0000000020a80000,0x0000000020b80000)]
  0x000000001966e800 JavaThread "Cache worker for journal cache (C:\Users\User\.gradle\caches\journal-1)" [_thread_blocked, id=1688, stack(0x000000001b840000,0x000000001b940000)]
  0x000000001966d800 JavaThread "File lock request listener" [_thread_in_native, id=6608, stack(0x000000001b740000,0x000000001b840000)]
  0x0000000019d2c800 JavaThread "Cache worker for file hash cache (C:\Users\User\.gradle\caches\5.4.1\fileHashes)" [_thread_blocked, id=7572, stack(0x000000001b640000,0x000000001b740000)]
  0x0000000018d38000 JavaThread "Daemon periodic checks" [_thread_blocked, id=8128, stack(0x000000001ac40000,0x000000001ad40000)]
  0x0000000018d24000 JavaThread "Incoming local TCP Connector on port 61375" [_thread_in_native, id=6188, stack(0x000000001aa00000,0x000000001ab00000)]
  0x000000001a12b000 JavaThread "Daemon health stats" [_thread_blocked, id=6936, stack(0x000000001a3c0000,0x000000001a4c0000)]
  0x0000000018610800 JavaThread "Service Thread" daemon [_thread_blocked, id=2788, stack(0x00000000189f0000,0x0000000018af0000)]
  0x0000000016ca4000 JavaThread "C1 CompilerThread2" daemon [_thread_blocked, id=11520, stack(0x00000000184f0000,0x00000000185f0000)]
  0x0000000016c9c000 JavaThread "C2 CompilerThread1" daemon [_thread_in_native, id=6804, stack(0x00000000183f0000,0x00000000184f0000)]
=>0x0000000016ca8000 JavaThread "C2 CompilerThread0" daemon [_thread_in_native, id=3860, stack(0x00000000182f0000,0x00000000183f0000)]
  0x0000000016ca6800 JavaThread "Attach Listener" daemon [_thread_blocked, id=11876, stack(0x00000000181f0000,0x00000000182f0000)]
  0x0000000016ca5800 JavaThread "Signal Dispatcher" daemon [_thread_blocked, id=12048, stack(0x00000000180f0000,0x00000000181f0000)]
  0x000000000332c800 JavaThread "Finalizer" daemon [_thread_blocked, id=10372, stack(0x0000000017ef0000,0x0000000017ff0000)]
  0x0000000016c89000 JavaThread "Reference Handler" daemon [_thread_blocked, id=8052, stack(0x0000000017df0000,0x0000000017ef0000)]
  0x000000000322e000 JavaThread "main" [_thread_blocked, id=4740, stack(0x0000000003110000,0x0000000003210000)]

Other Threads:
  0x0000000016c65800 VMThread [stack: 0x0000000017cf0000,0x0000000017df0000] [id=11232]
  0x0000000018621000 WatcherThread [stack: 0x0000000018af0000,0x0000000018bf0000] [id=1076]

VM state:not at safepoint (normal execution)

VM Mutex/Monitor currently owned by a thread: None

heap address: 0x00000000a0000000, size: 1536 MB, Compressed Oops mode: 32-bit
Narrow klass base: 0x0000000000000000, Narrow klass shift: 3
Compressed class space size: 1073741824 Address: 0x0000000100000000

Heap:
 PSYoungGen      total 455680K, used 390019K [0x00000000e0000000, 0x0000000100000000, 0x0000000100000000)
  eden space 429056K, 90% used [0x00000000e0000000,0x00000000f7ce0db8,0x00000000fa300000)
  from space 26624K, 0% used [0x00000000fe200000,0x00000000fe200000,0x00000000ffc00000)
  to   space 47616K, 0% used [0x00000000fa300000,0x00000000fa300000,0x00000000fd180000)
 ParOldGen       total 314368K, used 147131K [0x00000000a0000000, 0x00000000b3300000, 0x00000000e0000000)
  object space 314368K, 46% used [0x00000000a0000000,0x00000000a8faec50,0x00000000b3300000)
 Metaspace       used 108858K, capacity 114050K, committed 114304K, reserved 1148928K
  class space    used 13648K, capacity 14622K, committed 14720K, reserved 1048576K

Card table byte_map: [0x00000000126f0000,0x0000000012a00000] byte_map_base: 0x00000000121f0000

Marking Bits: (ParMarkBitMap*) 0x000000006bb69f30
 Begin Bits: [0x0000000013000000, 0x0000000014800000)
 End Bits:   [0x0000000014800000, 0x0000000016000000)

Polling page: 0x0000000001400000

CodeCache: size=245760Kb used=77719Kb max_used=79915Kb free=168040Kb
 bounds [0x0000000003330000, 0x00000000081a0000, 0x0000000012330000]
 total_blobs=22165 nmethods=21228 adapters=847
 compilation: enabled

Compilation events (10 events):
Event: 9165.163 Thread 0x0000000016ca4000 27855       3       java.util.RegularEnumSet::remove (74 bytes)
Event: 9165.163 Thread 0x0000000016ca4000 nmethod 27855 0x00000000042c0d90 code [0x00000000042c0f20, 0x00000000042c14c8]
Event: 9165.164 Thread 0x0000000016ca4000 27856       3       com.sun.tools.javac.file.Locations::lazy (72 bytes)
Event: 9165.165 Thread 0x0000000016ca4000 nmethod 27856 0x0000000003800810 code [0x0000000003800a00, 0x0000000003801238]
Event: 9165.166 Thread 0x0000000016ca4000 27857       3       com.sun.tools.javac.util.BaseFileManager::getKind (55 bytes)
Event: 9165.166 Thread 0x0000000016ca4000 nmethod 27857 0x000000000643b710 code [0x000000000643b8e0, 0x000000000643c068]
Event: 9165.166 Thread 0x0000000016ca4000 27858       2       com.sun.tools.javac.file.JavacFileManager::inferBinaryName (53 bytes)
Event: 9165.167 Thread 0x0000000016ca4000 nmethod 27858 0x000000000582e950 code [0x000000000582eb20, 0x000000000582ef78]
Event: 9165.216 Thread 0x0000000016ca4000 27861       3       com.sun.tools.javac.code.Type$TypeVar::<init> (36 bytes)
Event: 9165.217 Thread 0x0000000016ca4000 nmethod 27861 0x00000000063f5390 code [0x00000000063f5520, 0x00000000063f59a8]

GC Heap History (10 events):
Event: 8785.381 GC heap before
{Heap before GC invocations=51 (full 4):
 PSYoungGen      total 489984K, used 473668K [0x00000000e0000000, 0x00000000ffe80000, 0x0000000100000000)
  eden space 458752K, 100% used [0x00000000e0000000,0x00000000fc000000,0x00000000fc000000)
  from space 31232K, 47% used [0x00000000fde80000,0x00000000fed11360,0x00000000ffd00000)
  to   space 31232K, 0% used [0x00000000fc000000,0x00000000fc000000,0x00000000fde80000)
 ParOldGen       total 188928K, used 131063K [0x00000000a0000000, 0x00000000ab880000, 0x00000000e0000000)
  object space 188928K, 69% used [0x00000000a0000000,0x00000000a7ffdf38,0x00000000ab880000)
 Metaspace       used 106047K, capacity 110930K, committed 111104K, reserved 1146880K
  class space    used 13288K, capacity 14232K, committed 14336K, reserved 1048576K
Event: 8785.428 GC heap after
Heap after GC invocations=51 (full 4):
 PSYoungGen      total 489984K, used 8750K [0x00000000e0000000, 0x00000000ffc00000, 0x0000000100000000)
  eden space 458752K, 0% used [0x00000000e0000000,0x00000000e0000000,0x00000000fc000000)
  from space 31232K, 28% used [0x00000000fc000000,0x00000000fc88b980,0x00000000fde80000)
  to   space 29184K, 0% used [0x00000000fdf80000,0x00000000fdf80000,0x00000000ffc00000)
 ParOldGen       total 188928K, used 144257K [0x00000000a0000000, 0x00000000ab880000, 0x00000000e0000000)
  object space 188928K, 76% used [0x00000000a0000000,0x00000000a8ce0448,0x00000000ab880000)
 Metaspace       used 106047K, capacity 110930K, committed 111104K, reserved 1146880K
  class space    used 13288K, capacity 14232K, committed 14336K, reserved 1048576K
}
Event: 8786.287 GC heap before
{Heap before GC invocations=52 (full 4):
 PSYoungGen      total 489984K, used 467502K [0x00000000e0000000, 0x00000000ffc00000, 0x0000000100000000)
  eden space 458752K, 100% used [0x00000000e0000000,0x00000000fc000000,0x00000000fc000000)
  from space 31232K, 28% used [0x00000000fc000000,0x00000000fc88b980,0x00000000fde80000)
  to   space 29184K, 0% used [0x00000000fdf80000,0x00000000fdf80000,0x00000000ffc00000)
 ParOldGen       total 188928K, used 144257K [0x00000000a0000000, 0x00000000ab880000, 0x00000000e0000000)
  object space 188928K, 76% used [0x00000000a0000000,0x00000000a8ce0448,0x00000000ab880000)
 Metaspace       used 106059K, capacity 110934K, committed 111104K, reserved 1146880K
  class space    used 13288K, capacity 14232K, committed 14336K, reserved 1048576K
Event: 8786.328 GC heap after
Heap after GC invocations=52 (full 4):
 PSYoungGen      total 492032K, used 6160K [0x00000000e0000000, 0x00000000ffc00000, 0x0000000100000000)
  eden space 462848K, 0% used [0x00000000e0000000,0x00000000e0000000,0x00000000fc400000)
  from space 29184K, 21% used [0x00000000fdf80000,0x00000000fe584030,0x00000000ffc00000)
  to   space 28160K, 0% used [0x00000000fc400000,0x00000000fc400000,0x00000000fdf80000)
 ParOldGen       total 188928K, used 151478K [0x00000000a0000000, 0x00000000ab880000, 0x00000000e0000000)
  object space 188928K, 80% used [0x00000000a0000000,0x00000000a93ed9c0,0x00000000ab880000)
 Metaspace       used 106059K, capacity 110934K, committed 111104K, reserved 1146880K
  class space    used 13288K, capacity 14232K, committed 14336K, reserved 1048576K
}
Event: 8800.769 GC heap before
{Heap before GC invocations=53 (full 4):
 PSYoungGen      total 492032K, used 469008K [0x00000000e0000000, 0x00000000ffc00000, 0x0000000100000000)
  eden space 462848K, 100% used [0x00000000e0000000,0x00000000fc400000,0x00000000fc400000)
  from space 29184K, 21% used [0x00000000fdf80000,0x00000000fe584030,0x00000000ffc00000)
  to   space 28160K, 0% used [0x00000000fc400000,0x00000000fc400000,0x00000000fdf80000)
 ParOldGen       total 188928K, used 151478K [0x00000000a0000000, 0x00000000ab880000, 0x00000000e0000000)
  object space 188928K, 80% used [0x00000000a0000000,0x00000000a93ed9c0,0x00000000ab880000)
 Metaspace       used 106257K, capacity 111142K, committed 111488K, reserved 1146880K
  class space    used 13321K, capacity 14288K, committed 14464K, reserved 1048576K
Event: 8801.205 GC heap after
Heap after GC invocations=53 (full 4):
 PSYoungGen      total 491008K, used 10727K [0x00000000e0000000, 0x00000000ffc00000, 0x0000000100000000)
  eden space 462848K, 0% used [0x00000000e0000000,0x00000000e0000000,0x00000000fc400000)
  from space 28160K, 38% used [0x00000000fc400000,0x00000000fce79cf0,0x00000000fdf80000)
  to   space 26624K, 0% used [0x00000000fe200000,0x00000000fe200000,0x00000000ffc00000)
 ParOldGen       total 188928K, used 156058K [0x00000000a0000000, 0x00000000ab880000, 0x00000000e0000000)
  object space 188928K, 82% used [0x00000000a0000000,0x00000000a9866a10,0x00000000ab880000)
 Metaspace       used 106257K, capacity 111142K, committed 111488K, reserved 1146880K
  class space    used 13321K, capacity 14288K, committed 14464K, reserved 1048576K
}
Event: 8820.503 GC heap before
{Heap before GC invocations=54 (full 4):
 PSYoungGen      total 491008K, used 473575K [0x00000000e0000000, 0x00000000ffc00000, 0x0000000100000000)
  eden space 462848K, 100% used [0x00000000e0000000,0x00000000fc400000,0x00000000fc400000)
  from space 28160K, 38% used [0x00000000fc400000,0x00000000fce79cf0,0x00000000fdf80000)
  to   space 26624K, 0% used [0x00000000fe200000,0x00000000fe200000,0x00000000ffc00000)
 ParOldGen       total 188928K, used 156058K [0x00000000a0000000, 0x00000000ab880000, 0x00000000e0000000)
  object space 188928K, 82% used [0x00000000a0000000,0x00000000a9866a10,0x00000000ab880000)
 Metaspace       used 107141K, capacity 112226K, committed 112512K, reserved 1146880K
  class space    used 13408K, capacity 14360K, committed 14464K, reserved 1048576K
Event: 8820.863 GC heap after
Heap after GC invocations=54 (full 4):
 PSYoungGen      total 455680K, used 26592K [0x00000000e0000000, 0x0000000100000000, 0x0000000100000000)
  eden space 429056K, 0% used [0x00000000e0000000,0x00000000e0000000,0x00000000fa300000)
  from space 26624K, 99% used [0x00000000fe200000,0x00000000ffbf8090,0x00000000ffc00000)
  to   space 47616K, 0% used [0x00000000fa300000,0x00000000fa300000,0x00000000fd180000)
 ParOldGen       total 200704K, used 200666K [0x00000000a0000000, 0x00000000ac400000, 0x00000000e0000000)
  object space 200704K, 99% used [0x00000000a0000000,0x00000000ac3f6a00,0x00000000ac400000)
 Metaspace       used 107141K, capacity 112226K, committed 112512K, reserved 1146880K
  class space    used 13408K, capacity 14360K, committed 14464K, reserved 1048576K
}
Event: 8820.883 GC heap before
{Heap before GC invocations=55 (full 5):
 PSYoungGen      total 455680K, used 26592K [0x00000000e0000000, 0x0000000100000000, 0x0000000100000000)
  eden space 429056K, 0% used [0x00000000e0000000,0x00000000e0000000,0x00000000fa300000)
  from space 26624K, 99% used [0x00000000fe200000,0x00000000ffbf8090,0x00000000ffc00000)
  to   space 47616K, 0% used [0x00000000fa300000,0x00000000fa300000,0x00000000fd180000)
 ParOldGen       total 200704K, used 200666K [0x00000000a0000000, 0x00000000ac400000, 0x00000000e0000000)
  object space 200704K, 99% used [0x00000000a0000000,0x00000000ac3f6a00,0x00000000ac400000)
 Metaspace       used 107141K, capacity 112226K, committed 112512K, reserved 1146880K
  class space    used 13408K, capacity 14360K, committed 14464K, reserved 1048576K
Event: 8844.752 GC heap after
Heap after GC invocations=55 (full 5):
 PSYoungGen      total 455680K, used 0K [0x00000000e0000000, 0x0000000100000000, 0x0000000100000000)
  eden space 429056K, 0% used [0x00000000e0000000,0x00000000e0000000,0x00000000fa300000)
  from space 26624K, 0% used [0x00000000fe200000,0x00000000fe200000,0x00000000ffc00000)
  to   space 47616K, 0% used [0x00000000fa300000,0x00000000fa300000,0x00000000fd180000)
 ParOldGen       total 314368K, used 147131K [0x00000000a0000000, 0x00000000b3300000, 0x00000000e0000000)
  object space 314368K, 46% used [0x00000000a0000000,0x00000000a8faec50,0x00000000b3300000)
 Metaspace       used 107017K, capacity 111924K, committed 112512K, reserved 1146880K
  class space    used 13364K, capacity 14283K, committed 14464K, reserved 1048576K
}

Deoptimization events (10 events):
Event: 9163.126 Thread 0x000000001f309000 Uncommon trap: reason=unstable_if action=reinterpret pc=0x0000000006900ed4 method=com.sun.tools.javac.file.Locations.lazy()V @ 4
Event: 9164.797 Thread 0x000000001f309000 Uncommon trap: reason=unstable_if action=reinterpret pc=0x00000000068ae34c method=com.sun.tools.javac.parser.JavacParser.classOrInterfaceBodyDeclaration(Lcom/sun/tools/javac/util/Name;Z)Lcom/sun/tools/javac/util/List; @ 495
Event: 9164.852 Thread 0x000000001f309000 Uncommon trap: reason=unstable_if action=reinterpret pc=0x0000000006888c2c method=com.sun.tools.javac.parser.JavacParser.variableDeclaratorRest(ILcom/sun/tools/javac/tree/JCTree$JCModifiers;Lcom/sun/tools/javac/tree/JCTree$JCExpression;Lcom/sun/tools/java
Event: 9164.853 Thread 0x000000001f309000 Uncommon trap: reason=unstable_if action=reinterpret pc=0x000000000688d458 method=com.sun.tools.javac.parser.JavacParser.variableDeclaratorRest(ILcom/sun/tools/javac/tree/JCTree$JCModifiers;Lcom/sun/tools/javac/tree/JCTree$JCExpression;Lcom/sun/tools/java
Event: 9164.948 Thread 0x000000001f309000 Uncommon trap: reason=null_check action=make_not_entrant pc=0x0000000006b67590 method=com.sun.tools.javac.file.JavacFileManager.listContainer(Ljava/io/File;Lcom/sun/tools/javac/file/RelativePath$RelativeDirectory;Ljava/util/Set;ZLcom/sun/tools/javac/util/
Event: 9164.981 Thread 0x000000001f309000 Uncommon trap: reason=unstable_if action=reinterpret pc=0x000000000692cddc method=com.sun.tools.javac.file.ZipFileIndex.isUpToDate()Z @ 32
Event: 9165.157 Thread 0x000000001f309000 Uncommon trap: reason=speculate_class_check action=maybe_recompile pc=0x00000000069dcbbc method=com.sun.tools.javac.file.JavacFileManager.inferBinaryName(Ljavax/tools/JavaFileManager$Location;Ljavax/tools/JavaFileObject;)Ljava/lang/String; @ 23
Event: 9165.158 Thread 0x000000001f309000 Uncommon trap: reason=speculate_class_check action=maybe_recompile pc=0x00000000069dcbbc method=com.sun.tools.javac.file.JavacFileManager.inferBinaryName(Ljavax/tools/JavaFileManager$Location;Ljavax/tools/JavaFileObject;)Ljava/lang/String; @ 23
Event: 9165.158 Thread 0x000000001f309000 Uncommon trap: reason=speculate_class_check action=maybe_recompile pc=0x00000000069dcbbc method=com.sun.tools.javac.file.JavacFileManager.inferBinaryName(Ljavax/tools/JavaFileManager$Location;Ljavax/tools/JavaFileObject;)Ljava/lang/String; @ 23
Event: 9165.158 Thread 0x000000001f309000 Uncommon trap: reason=speculate_class_check action=maybe_recompile pc=0x00000000069dcbbc method=com.sun.tools.javac.file.JavacFileManager.inferBinaryName(Ljavax/tools/JavaFileManager$Location;Ljavax/tools/JavaFileObject;)Ljava/lang/String; @ 23

Classes redefined (0 events):
No events

Internal exceptions (10 events):
Event: 8845.338 Thread 0x000000001f301000 Exception <a 'sun/nio/fs/WindowsException'> (0x00000000e0f543f8) thrown at [D:\src\AOSP-openjdk-cygwin\jdk8u\hotspot\src\share\vm\prims\jni.cpp, line 710]
Event: 8853.830 Thread 0x000000001bc5e000 Exception <a 'java/lang/NoSuchMethodError': <clinit>> (0x00000000e46abc30) thrown at [D:\src\AOSP-openjdk-cygwin\jdk8u\hotspot\src\share\vm\prims\jni.cpp, line 1614]
Event: 8853.830 Thread 0x000000001bc5e000 Exception <a 'java/lang/NoSuchMethodError': <clinit>> (0x00000000e46af840) thrown at [D:\src\AOSP-openjdk-cygwin\jdk8u\hotspot\src\share\vm\prims\jni.cpp, line 1614]
Event: 8853.920 Thread 0x000000001bc5e000 Exception <a 'java/lang/NoSuchMethodError': <clinit>> (0x00000000e46c96d0) thrown at [D:\src\AOSP-openjdk-cygwin\jdk8u\hotspot\src\share\vm\prims\jni.cpp, line 1614]
Event: 8855.400 Thread 0x000000001fe0c000 Exception <a 'java/lang/NoSuchMethodError': java.lang.Object.lambda$static$0(Lcom/android/apksig/util/RunnablesProvider;)V> (0x00000000e4c47598) thrown at [D:\src\AOSP-openjdk-cygwin\jdk8u\hotspot\src\share\vm\interpreter\linkResolver.cpp, line 620]
Event: 8858.787 Thread 0x000000001fe0c000 Implicit null exception at 0x00000000048a705e to 0x00000000048ae6e5
Event: 8860.712 Thread 0x000000001bc56800 Exception <a 'sun/nio/fs/WindowsException'> (0x00000000e8c234c8) thrown at [D:\src\AOSP-openjdk-cygwin\jdk8u\hotspot\src\share\vm\prims\jni.cpp, line 710]
Event: 9094.273 Thread 0x000000001f309000 Implicit null exception at 0x0000000004968b9e to 0x0000000004968d21
Event: 9094.310 Thread 0x000000001f309000 Implicit null exception at 0x000000000641c559 to 0x000000000641dc75
Event: 9164.931 Thread 0x000000001f309000 Implicit null exception at 0x0000000006b64583 to 0x0000000006b67579

Events (10 events):
Event: 9165.157 Thread 0x000000001f309000 DEOPT UNPACKING pc=0x000000000337557b sp=0x000000002588a9f8 mode 2
Event: 9165.158 Thread 0x000000001f309000 Uncommon trap: trap_request=0xffffff76 fr.pc=0x00000000069dcbbc
Event: 9165.158 Thread 0x000000001f309000 DEOPT PACKING pc=0x00000000069dcbbc sp=0x000000002588a900
Event: 9165.158 Thread 0x000000001f309000 DEOPT UNPACKING pc=0x000000000337557b sp=0x000000002588a8d8 mode 2
Event: 9165.158 Thread 0x000000001f309000 Uncommon trap: trap_request=0xffffff76 fr.pc=0x00000000069dcbbc
Event: 9165.158 Thread 0x000000001f309000 DEOPT PACKING pc=0x00000000069dcbbc sp=0x000000002588aa20
Event: 9165.158 Thread 0x000000001f309000 DEOPT UNPACKING pc=0x000000000337557b sp=0x000000002588a9f8 mode 2
Event: 9165.158 Thread 0x000000001f309000 Uncommon trap: trap_request=0xffffff76 fr.pc=0x00000000069dcbbc
Event: 9165.158 Thread 0x000000001f309000 DEOPT PACKING pc=0x00000000069dcbbc sp=0x000000002588a900
Event: 9165.158 Thread 0x000000001f309000 DEOPT UNPACKING pc=0x000000000337557b sp=0x000000002588a8d8 mode 2


Dynamic libraries:
0x00007ff7c7bf0000 - 0x00007ff7c7c21000 	C:\Program Files\Android\Android Studio\jre\bin\java.exe
0x00007ffcdfb40000 - 0x00007ffcdfd30000 	C:\WINDOWS\SYSTEM32\ntdll.dll
0x00007ffcddf20000 - 0x00007ffcddfd2000 	C:\WINDOWS\System32\KERNEL32.DLL
0x00007ffcdce70000 - 0x00007ffcdd113000 	C:\WINDOWS\System32\KERNELBASE.dll
0x00007ffcdab60000 - 0x00007ffcdabef000 	C:\WINDOWS\SYSTEM32\apphelp.dll
0x00007ffcdef40000 - 0x00007ffcdefe3000 	C:\WINDOWS\System32\ADVAPI32.dll
0x00007ffcdeea0000 - 0x00007ffcdef3e000 	C:\WINDOWS\System32\msvcrt.dll
0x00007ffcdf0a0000 - 0x00007ffcdf137000 	C:\WINDOWS\System32\sechost.dll
0x00007ffcde350000 - 0x00007ffcde470000 	C:\WINDOWS\System32\RPCRT4.dll
0x00007ffcddd80000 - 0x00007ffcddf13000 	C:\WINDOWS\System32\USER32.dll
0x00007ffcdd200000 - 0x00007ffcdd221000 	C:\WINDOWS\System32\win32u.dll
0x00007ffcdf2a0000 - 0x00007ffcdf2c6000 	C:\WINDOWS\System32\GDI32.dll
0x00007ffcdd230000 - 0x00007ffcdd3c4000 	C:\WINDOWS\System32\gdi32full.dll
0x00007ffcdd3d0000 - 0x00007ffcdd46e000 	C:\WINDOWS\System32\msvcp_win.dll
0x00007ffcdcad0000 - 0x00007ffcdcbca000 	C:\WINDOWS\System32\ucrtbase.dll
0x00007ffcce240000 - 0x00007ffcce4c5000 	C:\WINDOWS\WinSxS\amd64_microsoft.windows.common-controls_6595b64144ccf1df_6.0.18362.356_none_e6c4af7d130f27cc\COMCTL32.dll
0x00007ffcdf350000 - 0x00007ffcdf686000 	C:\WINDOWS\System32\combase.dll
0x00007ffcdcc20000 - 0x00007ffcdcca0000 	C:\WINDOWS\System32\bcryptPrimitives.dll
0x00007ffcdee70000 - 0x00007ffcdee9e000 	C:\WINDOWS\System32\IMM32.DLL
0x000000006b1e0000 - 0x000000006b2b2000 	C:\Program Files\Android\Android Studio\jre\jre\bin\msvcr100.dll
0x000000006b3a0000 - 0x000000006bbe6000 	C:\Program Files\Android\Android Studio\jre\jre\bin\server\jvm.dll
0x00007ffcde340000 - 0x00007ffcde348000 	C:\WINDOWS\System32\PSAPI.DLL
0x00007ffcdabf0000 - 0x00007ffcdac14000 	C:\WINDOWS\SYSTEM32\WINMM.dll
0x00007ffcd3400000 - 0x00007ffcd340a000 	C:\WINDOWS\SYSTEM32\VERSION.dll
0x00007ffcdab30000 - 0x00007ffcdab5d000 	C:\WINDOWS\SYSTEM32\WINMMBASE.dll
0x00007ffcdcbd0000 - 0x00007ffcdcc1a000 	C:\WINDOWS\System32\cfgmgr32.dll
0x00007ffccd220000 - 0x00007ffccd229000 	C:\WINDOWS\SYSTEM32\WSOCK32.dll
0x00007ffcdeca0000 - 0x00007ffcded0f000 	C:\WINDOWS\System32\WS2_32.dll
0x00007ffccc830000 - 0x00007ffccc83f000 	C:\Program Files\Android\Android Studio\jre\jre\bin\verify.dll
0x00007ffccb9d0000 - 0x00007ffccb9f9000 	C:\Program Files\Android\Android Studio\jre\jre\bin\java.dll
0x00007ffccbb40000 - 0x00007ffccbb56000 	C:\Program Files\Android\Android Studio\jre\jre\bin\zip.dll
0x00007ffcde470000 - 0x00007ffcdeb55000 	C:\WINDOWS\System32\SHELL32.dll
0x00007ffcdebf0000 - 0x00007ffcdec99000 	C:\WINDOWS\System32\shcore.dll
0x00007ffcdd470000 - 0x00007ffcddbee000 	C:\WINDOWS\System32\windows.storage.dll
0x00007ffcdcab0000 - 0x00007ffcdcacf000 	C:\WINDOWS\System32\profapi.dll
0x00007ffcdca60000 - 0x00007ffcdcaaa000 	C:\WINDOWS\System32\powrprof.dll
0x00007ffcdca10000 - 0x00007ffcdca20000 	C:\WINDOWS\System32\UMPDC.dll
0x00007ffcddbf0000 - 0x00007ffcddc42000 	C:\WINDOWS\System32\shlwapi.dll
0x00007ffcdca20000 - 0x00007ffcdca31000 	C:\WINDOWS\System32\kernel.appcore.dll
0x00007ffcdce50000 - 0x00007ffcdce67000 	C:\WINDOWS\System32\cryptsp.dll
0x00007ffccb6f0000 - 0x00007ffccb70a000 	C:\Program Files\Android\Android Studio\jre\jre\bin\net.dll
0x00007ffcdc220000 - 0x00007ffcdc287000 	C:\WINDOWS\system32\mswsock.dll
0x00007ffccb6d0000 - 0x00007ffccb6e1000 	C:\Program Files\Android\Android Studio\jre\jre\bin\nio.dll
0x00007ffcab2b0000 - 0x00007ffcab2d6000 	C:\Users\User\.gradle\native\29\windows-amd64\native-platform.dll
0x00007ffccb9c0000 - 0x00007ffccb9cd000 	C:\Program Files\Android\Android Studio\jre\jre\bin\management.dll
0x00007ffcdbd90000 - 0x00007ffcdbdc3000 	C:\WINDOWS\system32\rsaenh.dll
0x00007ffcdd120000 - 0x00007ffcdd146000 	C:\WINDOWS\System32\bcrypt.dll
0x00007ffcdc930000 - 0x00007ffcdc955000 	C:\WINDOWS\SYSTEM32\USERENV.dll
0x00007ffcdc3f0000 - 0x00007ffcdc3fc000 	C:\WINDOWS\SYSTEM32\CRYPTBASE.dll
0x00007ffcdbf30000 - 0x00007ffcdbf6a000 	C:\WINDOWS\SYSTEM32\IPHLPAPI.DLL
0x00007ffcde190000 - 0x00007ffcde198000 	C:\WINDOWS\System32\NSI.dll
0x00007ffcd3180000 - 0x00007ffcd3196000 	C:\WINDOWS\SYSTEM32\dhcpcsvc6.DLL
0x00007ffcd3160000 - 0x00007ffcd317c000 	C:\WINDOWS\SYSTEM32\dhcpcsvc.DLL
0x00007ffcdbf70000 - 0x00007ffcdc03a000 	C:\WINDOWS\SYSTEM32\DNSAPI.dll
0x00007ffcab590000 - 0x00007ffcab5b4000 	C:\Program Files\Android\Android Studio\jre\jre\bin\sunec.dll
0x00007ffcbfc60000 - 0x00007ffcbfc6b000 	C:\Program Files\Android\Android Studio\jre\jre\bin\sunmscapi.dll
0x00007ffcdcd00000 - 0x00007ffcdce49000 	C:\WINDOWS\System32\CRYPT32.dll
0x00007ffcdca40000 - 0x00007ffcdca52000 	C:\WINDOWS\System32\MSASN1.dll
0x00007ffcd19c0000 - 0x00007ffcd19ca000 	C:\Windows\System32\rasadhlp.dll
0x00007ffcd22d0000 - 0x00007ffcd2347000 	C:\WINDOWS\System32\fwpuclnt.dll

VM Arguments:
jvm_args: -Xmx1536m -Dfile.encoding=windows-1252 -Duser.country=IN -Duser.language=en -Duser.variant 
java_command: org.gradle.launcher.daemon.bootstrap.GradleDaemon 5.4.1
java_class_path (initial): C:\Users\User\.gradle\wrapper\dists\gradle-5.4.1-all\3221gyojl5jsh0helicew7rwx\gradle-5.4.1\lib\gradle-launcher-5.4.1.jar
Launcher Type: SUN_STANDARD

Environment Variables:
PATH=C:\Program Files (x86)\Common Files\Oracle\Java\javapath;C:\Program Files\Microsoft MPI\Bin\;C:\WINDOWS\system32;C:\WINDOWS;C:\WINDOWS\System32\Wbem;C:\WINDOWS\System32\WindowsPowerShell\v1.0\;C:\Program Files\dotnet\;C:\WINDOWS\System32\OpenSSH\;C:\Program Files\Git\cmd;;D:\Microsoft VS Code\bin;C:\Users\User\AppData\Local\Microsoft\WindowsApps
USERNAME=User
OS=Windows_NT
PROCESSOR_IDENTIFIER=Intel64 Family 6 Model 94 Stepping 3, GenuineIntel



---------------  S Y S T E M  ---------------

OS: Windows 10.0 , 64 bit Build 18362 (10.0.18362.329)

CPU:total 4 (initial active 4) (4 cores per cpu, 1 threads per core) family 6 model 94 stepping 3, cmov, cx8, fxsr, mmx, sse, sse2, sse3, ssse3, sse4.1, sse4.2, popcnt, avx, avx2, aes, clmul, erms, rtm, 3dnowpref, lzcnt, tsc, tscinvbit, bmi1, bmi2, adx

Memory: 4k page, physical 8265828k(156804k free), swap 13385828k(5988k free)

vm_info: OpenJDK 64-Bit Server VM (25.202-b03) for windows-amd64 JRE (1.8.0_202-release-1483-b03), built by "builder" with MS VC++ 10.0 (VS2010)

time: Mon Sep 30 15:35:46 2019
timezone: India Standard Time
elapsed time: 9165 seconds (0d 2h 32m 45s)

